running egg_info
creating ../../build/unit1/unit1.egg-info
writing ../../build/unit1/unit1.egg-info/PKG-INFO
writing dependency_links to ../../build/unit1/unit1.egg-info/dependency_links.txt
writing entry points to ../../build/unit1/unit1.egg-info/entry_points.txt
writing requirements to ../../build/unit1/unit1.egg-info/requires.txt
writing top-level names to ../../build/unit1/unit1.egg-info/top_level.txt
writing manifest file '../../build/unit1/unit1.egg-info/SOURCES.txt'
reading manifest file '../../build/unit1/unit1.egg-info/SOURCES.txt'
writing manifest file '../../build/unit1/unit1.egg-info/SOURCES.txt'
running build
running build_py
creating /mnt/c/Users/Wes/OneDrive - University of Leeds/OCOM5205M Robotics/ros2_ws/build/unit1/build
creating /mnt/c/Users/Wes/OneDrive - University of Leeds/OCOM5205M Robotics/ros2_ws/build/unit1/build/lib
creating /mnt/c/Users/Wes/OneDrive - University of Leeds/OCOM5205M Robotics/ros2_ws/build/unit1/build/lib/unit1
copying unit1/__init__.py -> /mnt/c/Users/Wes/OneDrive - University of Leeds/OCOM5205M Robotics/ros2_ws/build/unit1/build/lib/unit1
running install
running install_lib
creating /mnt/c/Users/Wes/OneDrive - University of Leeds/OCOM5205M Robotics/ros2_ws/install/unit1/lib/python3.10/site-packages/unit1
copying /mnt/c/Users/Wes/OneDrive - University of Leeds/OCOM5205M Robotics/ros2_ws/build/unit1/build/lib/unit1/__init__.py -> /mnt/c/Users/Wes/OneDrive - University of Leeds/OCOM5205M Robotics/ros2_ws/install/unit1/lib/python3.10/site-packages/unit1
byte-compiling /mnt/c/Users/Wes/OneDrive - University of Leeds/OCOM5205M Robotics/ros2_ws/install/unit1/lib/python3.10/site-packages/unit1/__init__.py to __init__.cpython-310.pyc
running install_data
creating /mnt/c/Users/Wes/OneDrive - University of Leeds/OCOM5205M Robotics/ros2_ws/install/unit1/share/ament_index
creating /mnt/c/Users/Wes/OneDrive - University of Leeds/OCOM5205M Robotics/ros2_ws/install/unit1/share/ament_index/resource_index
creating /mnt/c/Users/Wes/OneDrive - University of Leeds/OCOM5205M Robotics/ros2_ws/install/unit1/share/ament_index/resource_index/packages
copying resource/unit1 -> /mnt/c/Users/Wes/OneDrive - University of Leeds/OCOM5205M Robotics/ros2_ws/install/unit1/share/ament_index/resource_index/packages
copying package.xml -> /mnt/c/Users/Wes/OneDrive - University of Leeds/OCOM5205M Robotics/ros2_ws/install/unit1/share/unit1
running install_egg_info
Copying ../../build/unit1/unit1.egg-info to /mnt/c/Users/Wes/OneDrive - University of Leeds/OCOM5205M Robotics/ros2_ws/install/unit1/lib/python3.10/site-packages/unit1-0.0.0-py3.10.egg-info
running install_scripts
writing list of installed files to '/mnt/c/Users/Wes/OneDrive - University of Leeds/OCOM5205M Robotics/ros2_ws/build/unit1/install.log'
