[0.181s] DEBUG:colcon:Command line arguments: ['/usr/bin/colcon', 'build']
[0.182s] DEBUG:colcon:Parsed command line arguments: Namespace(log_base=None, log_level=None, verb_name='build', build_base='build', install_base='install', merge_install=False, symlink_install=False, test_result_base=None, continue_on_error=False, executor='parallel', parallel_workers=16, event_handlers=None, ignore_user_meta=False, metas=['./colcon.meta'], base_paths=['.'], packages_ignore=None, packages_ignore_regex=None, paths=None, packages_up_to=None, packages_up_to_regex=None, packages_above=None, packages_above_and_dependencies=None, packages_above_depth=None, packages_select_by_dep=None, packages_skip_by_dep=None, packages_skip_up_to=None, packages_select_build_failed=False, packages_skip_build_finished=False, packages_select_test_failures=False, packages_skip_test_passed=False, packages_select=None, packages_skip=None, packages_select_regex=None, packages_skip_regex=None, packages_start=None, packages_end=None, allow_overriding=[], cmake_args=None, cmake_target=None, cmake_target_skip_unavailable=False, cmake_clean_cache=False, cmake_clean_first=False, cmake_force_configure=False, ament_cmake_args=None, catkin_cmake_args=None, catkin_skip_building_tests=False, verb_parser=<colcon_defaults.argument_parser.defaults.DefaultArgumentsDecorator object at 0x7f13609a8b50>, verb_extension=<colcon_core.verb.build.BuildVerb object at 0x7f13609269b0>, main=<bound method BuildVerb.main of <colcon_core.verb.build.BuildVerb object at 0x7f13609269b0>>)
[0.474s] Level 1:colcon.colcon_core.package_discovery:discover_packages(colcon_meta) check parameters
[0.474s] Level 1:colcon.colcon_core.package_discovery:discover_packages(recursive) check parameters
[0.475s] Level 1:colcon.colcon_core.package_discovery:discover_packages(ignore) check parameters
[0.475s] Level 1:colcon.colcon_core.package_discovery:discover_packages(path) check parameters
[0.475s] Level 1:colcon.colcon_core.package_discovery:discover_packages(colcon_meta) discover
[0.475s] Level 1:colcon.colcon_core.package_discovery:discover_packages(recursive) discover
[0.475s] INFO:colcon.colcon_core.package_discovery:Crawling recursively for packages in '/mnt/c/Users/Wes/OneDrive - University of Leeds/OCOM5205M Robotics/ros2_ws'
[0.476s] Level 1:colcon.colcon_core.package_identification:_identify(.) by extensions ['ignore', 'ignore_ament_install']
[0.476s] Level 1:colcon.colcon_core.package_identification:_identify(.) by extension 'ignore'
[0.476s] Level 1:colcon.colcon_core.package_identification:_identify(.) by extension 'ignore_ament_install'
[0.476s] Level 1:colcon.colcon_core.package_identification:_identify(.) by extensions ['colcon_pkg']
[0.476s] Level 1:colcon.colcon_core.package_identification:_identify(.) by extension 'colcon_pkg'
[0.476s] Level 1:colcon.colcon_core.package_identification:_identify(.) by extensions ['colcon_meta']
[0.476s] Level 1:colcon.colcon_core.package_identification:_identify(.) by extension 'colcon_meta'
[0.477s] Level 1:colcon.colcon_core.package_identification:_identify(.) by extensions ['ros']
[0.477s] Level 1:colcon.colcon_core.package_identification:_identify(.) by extension 'ros'
[0.483s] Level 1:colcon.colcon_core.package_identification:_identify(.) by extensions ['cmake', 'python']
[0.483s] Level 1:colcon.colcon_core.package_identification:_identify(.) by extension 'cmake'
[0.484s] Level 1:colcon.colcon_core.package_identification:_identify(.) by extension 'python'
[0.484s] Level 1:colcon.colcon_core.package_identification:_identify(.) by extensions ['python_setup_py']
[0.484s] Level 1:colcon.colcon_core.package_identification:_identify(.) by extension 'python_setup_py'
[0.485s] Level 1:colcon.colcon_core.package_identification:_identify(build) by extensions ['ignore', 'ignore_ament_install']
[0.485s] Level 1:colcon.colcon_core.package_identification:_identify(build) by extension 'ignore'
[0.486s] Level 1:colcon.colcon_core.package_identification:_identify(build) ignored
[0.487s] Level 1:colcon.colcon_core.package_identification:_identify(install) by extensions ['ignore', 'ignore_ament_install']
[0.487s] Level 1:colcon.colcon_core.package_identification:_identify(install) by extension 'ignore'
[0.488s] Level 1:colcon.colcon_core.package_identification:_identify(install) ignored
[0.489s] Level 1:colcon.colcon_core.package_identification:_identify(log) by extensions ['ignore', 'ignore_ament_install']
[0.489s] Level 1:colcon.colcon_core.package_identification:_identify(log) by extension 'ignore'
[0.490s] Level 1:colcon.colcon_core.package_identification:_identify(log) ignored
[0.491s] Level 1:colcon.colcon_core.package_identification:_identify(src) by extensions ['ignore', 'ignore_ament_install']
[0.491s] Level 1:colcon.colcon_core.package_identification:_identify(src) by extension 'ignore'
[0.491s] Level 1:colcon.colcon_core.package_identification:_identify(src) by extension 'ignore_ament_install'
[0.492s] Level 1:colcon.colcon_core.package_identification:_identify(src) by extensions ['colcon_pkg']
[0.492s] Level 1:colcon.colcon_core.package_identification:_identify(src) by extension 'colcon_pkg'
[0.492s] Level 1:colcon.colcon_core.package_identification:_identify(src) by extensions ['colcon_meta']
[0.492s] Level 1:colcon.colcon_core.package_identification:_identify(src) by extension 'colcon_meta'
[0.492s] Level 1:colcon.colcon_core.package_identification:_identify(src) by extensions ['ros']
[0.492s] Level 1:colcon.colcon_core.package_identification:_identify(src) by extension 'ros'
[0.494s] Level 1:colcon.colcon_core.package_identification:_identify(src) by extensions ['cmake', 'python']
[0.494s] Level 1:colcon.colcon_core.package_identification:_identify(src) by extension 'cmake'
[0.494s] Level 1:colcon.colcon_core.package_identification:_identify(src) by extension 'python'
[0.494s] Level 1:colcon.colcon_core.package_identification:_identify(src) by extensions ['python_setup_py']
[0.495s] Level 1:colcon.colcon_core.package_identification:_identify(src) by extension 'python_setup_py'
[0.496s] Level 1:colcon.colcon_core.package_identification:_identify(src/unit1) by extensions ['ignore', 'ignore_ament_install']
[0.496s] Level 1:colcon.colcon_core.package_identification:_identify(src/unit1) by extension 'ignore'
[0.497s] Level 1:colcon.colcon_core.package_identification:_identify(src/unit1) by extension 'ignore_ament_install'
[0.498s] Level 1:colcon.colcon_core.package_identification:_identify(src/unit1) by extensions ['colcon_pkg']
[0.498s] Level 1:colcon.colcon_core.package_identification:_identify(src/unit1) by extension 'colcon_pkg'
[0.498s] Level 1:colcon.colcon_core.package_identification:_identify(src/unit1) by extensions ['colcon_meta']
[0.498s] Level 1:colcon.colcon_core.package_identification:_identify(src/unit1) by extension 'colcon_meta'
[0.499s] Level 1:colcon.colcon_core.package_identification:_identify(src/unit1) by extensions ['ros']
[0.499s] Level 1:colcon.colcon_core.package_identification:_identify(src/unit1) by extension 'ros'
[0.505s] DEBUG:colcon.colcon_core.package_identification:Package 'src/unit1' with type 'ros.ament_python' and name 'unit1'
[0.505s] Level 1:colcon.colcon_core.package_discovery:discover_packages(recursive) using defaults
[0.505s] Level 1:colcon.colcon_core.package_discovery:discover_packages(ignore) discover
[0.505s] Level 1:colcon.colcon_core.package_discovery:discover_packages(ignore) using defaults
[0.505s] Level 1:colcon.colcon_core.package_discovery:discover_packages(path) discover
[0.506s] Level 1:colcon.colcon_core.package_discovery:discover_packages(path) using defaults
[0.534s] Level 1:colcon.colcon_core.package_discovery:discover_packages(prefix_path) check parameters
[0.535s] Level 1:colcon.colcon_core.package_discovery:discover_packages(prefix_path) discover
[0.545s] DEBUG:colcon.colcon_installed_package_information.package_discovery:Found 345 installed packages in /root/ros2_humble/install
[0.547s] DEBUG:colcon.colcon_installed_package_information.package_discovery:Found 261 installed packages in /opt/ros/humble
[0.550s] Level 1:colcon.colcon_core.package_discovery:discover_packages(prefix_path) using defaults
[0.751s] Level 5:colcon.colcon_core.verb:set package 'unit1' build argument 'cmake_args' from command line to 'None'
[0.751s] Level 5:colcon.colcon_core.verb:set package 'unit1' build argument 'cmake_target' from command line to 'None'
[0.751s] Level 5:colcon.colcon_core.verb:set package 'unit1' build argument 'cmake_target_skip_unavailable' from command line to 'False'
[0.752s] Level 5:colcon.colcon_core.verb:set package 'unit1' build argument 'cmake_clean_cache' from command line to 'False'
[0.752s] Level 5:colcon.colcon_core.verb:set package 'unit1' build argument 'cmake_clean_first' from command line to 'False'
[0.752s] Level 5:colcon.colcon_core.verb:set package 'unit1' build argument 'cmake_force_configure' from command line to 'False'
[0.752s] Level 5:colcon.colcon_core.verb:set package 'unit1' build argument 'ament_cmake_args' from command line to 'None'
[0.752s] Level 5:colcon.colcon_core.verb:set package 'unit1' build argument 'catkin_cmake_args' from command line to 'None'
[0.752s] Level 5:colcon.colcon_core.verb:set package 'unit1' build argument 'catkin_skip_building_tests' from command line to 'False'
[0.752s] DEBUG:colcon.colcon_core.verb:Building package 'unit1' with the following arguments: {'ament_cmake_args': None, 'build_base': '/mnt/c/Users/Wes/OneDrive - University of Leeds/OCOM5205M Robotics/ros2_ws/build/unit1', 'catkin_cmake_args': None, 'catkin_skip_building_tests': False, 'cmake_args': None, 'cmake_clean_cache': False, 'cmake_clean_first': False, 'cmake_force_configure': False, 'cmake_target': None, 'cmake_target_skip_unavailable': False, 'install_base': '/mnt/c/Users/Wes/OneDrive - University of Leeds/OCOM5205M Robotics/ros2_ws/install/unit1', 'merge_install': False, 'path': '/mnt/c/Users/Wes/OneDrive - University of Leeds/OCOM5205M Robotics/ros2_ws/src/unit1', 'symlink_install': False, 'test_result_base': None}
[0.752s] INFO:colcon.colcon_core.executor:Executing jobs using 'parallel' executor
[0.753s] DEBUG:colcon.colcon_parallel_executor.executor.parallel:run_until_complete
[0.753s] INFO:colcon.colcon_ros.task.ament_python.build:Building ROS package in '/mnt/c/Users/Wes/OneDrive - University of Leeds/OCOM5205M Robotics/ros2_ws/src/unit1' with build type 'ament_python'
[0.753s] Level 1:colcon.colcon_core.shell:create_environment_hook('unit1', 'ament_prefix_path')
[0.762s] INFO:colcon.colcon_core.plugin_system:Skipping extension 'colcon_core.shell.bat': Not used on non-Windows systems
[0.762s] INFO:colcon.colcon_core.shell:Creating environment hook '/mnt/c/Users/Wes/OneDrive - University of Leeds/OCOM5205M Robotics/ros2_ws/install/unit1/share/unit1/hook/ament_prefix_path.ps1'
[0.769s] INFO:colcon.colcon_core.shell:Creating environment descriptor '/mnt/c/Users/Wes/OneDrive - University of Leeds/OCOM5205M Robotics/ros2_ws/install/unit1/share/unit1/hook/ament_prefix_path.dsv'
[0.774s] INFO:colcon.colcon_core.shell:Creating environment hook '/mnt/c/Users/Wes/OneDrive - University of Leeds/OCOM5205M Robotics/ros2_ws/install/unit1/share/unit1/hook/ament_prefix_path.sh'
[0.780s] INFO:colcon.colcon_core.shell:Skip shell extension 'powershell' for command environment: Not usable outside of PowerShell
[0.780s] DEBUG:colcon.colcon_core.shell:Skip shell extension 'dsv' for command environment
[1.077s] INFO:colcon.colcon_core.task.python.build:Building Python package in '/mnt/c/Users/Wes/OneDrive - University of Leeds/OCOM5205M Robotics/ros2_ws/src/unit1'
[1.078s] INFO:colcon.colcon_core.shell:Skip shell extension 'powershell' for command environment: Not usable outside of PowerShell
[1.078s] DEBUG:colcon.colcon_core.shell:Skip shell extension 'dsv' for command environment
[1.787s] DEBUG:colcon.colcon_core.event_handler.log_command:Invoking command in '/mnt/c/Users/Wes/OneDrive - University of Leeds/OCOM5205M Robotics/ros2_ws/src/unit1': PYTHONPATH=/mnt/c/Users/Wes/OneDrive - University of Leeds/OCOM5205M Robotics/ros2_ws/build/unit1/prefix_override:/mnt/c/Users/Wes/OneDrive - University of Leeds/OCOM5205M Robotics/ros2_ws/install/unit1/lib/python3.10/site-packages:${PYTHONPATH} /usr/bin/python3 -W ignore:setup.py install is deprecated setup.py egg_info --egg-base ../../build/unit1 build --build-base /mnt/c/Users/Wes/OneDrive - University of Leeds/OCOM5205M Robotics/ros2_ws/build/unit1/build install --record /mnt/c/Users/Wes/OneDrive - University of Leeds/OCOM5205M Robotics/ros2_ws/build/unit1/install.log --single-version-externally-managed install_data
[2.479s] DEBUG:colcon.colcon_core.event_handler.log_command:Invoked command in '/mnt/c/Users/Wes/OneDrive - University of Leeds/OCOM5205M Robotics/ros2_ws/src/unit1' returned '0': PYTHONPATH=/mnt/c/Users/Wes/OneDrive - University of Leeds/OCOM5205M Robotics/ros2_ws/build/unit1/prefix_override:/mnt/c/Users/Wes/OneDrive - University of Leeds/OCOM5205M Robotics/ros2_ws/install/unit1/lib/python3.10/site-packages:${PYTHONPATH} /usr/bin/python3 -W ignore:setup.py install is deprecated setup.py egg_info --egg-base ../../build/unit1 build --build-base /mnt/c/Users/Wes/OneDrive - University of Leeds/OCOM5205M Robotics/ros2_ws/build/unit1/build install --record /mnt/c/Users/Wes/OneDrive - University of Leeds/OCOM5205M Robotics/ros2_ws/build/unit1/install.log --single-version-externally-managed install_data
[2.486s] Level 1:colcon.colcon_core.environment:checking '/mnt/c/Users/Wes/OneDrive - University of Leeds/OCOM5205M Robotics/ros2_ws/install/unit1' for CMake module files
[2.497s] Level 1:colcon.colcon_core.environment:checking '/mnt/c/Users/Wes/OneDrive - University of Leeds/OCOM5205M Robotics/ros2_ws/install/unit1' for CMake config files
[2.523s] Level 1:colcon.colcon_core.environment:checking '/mnt/c/Users/Wes/OneDrive - University of Leeds/OCOM5205M Robotics/ros2_ws/install/unit1/lib'
[2.524s] Level 1:colcon.colcon_core.environment:checking '/mnt/c/Users/Wes/OneDrive - University of Leeds/OCOM5205M Robotics/ros2_ws/install/unit1/bin'
[2.525s] Level 1:colcon.colcon_core.environment:checking '/mnt/c/Users/Wes/OneDrive - University of Leeds/OCOM5205M Robotics/ros2_ws/install/unit1/lib/pkgconfig/unit1.pc'
[2.526s] Level 1:colcon.colcon_core.environment:checking '/mnt/c/Users/Wes/OneDrive - University of Leeds/OCOM5205M Robotics/ros2_ws/install/unit1/lib/python3.10/site-packages'
[2.527s] Level 1:colcon.colcon_core.shell:create_environment_hook('unit1', 'pythonpath')
[2.527s] INFO:colcon.colcon_core.shell:Creating environment hook '/mnt/c/Users/Wes/OneDrive - University of Leeds/OCOM5205M Robotics/ros2_ws/install/unit1/share/unit1/hook/pythonpath.ps1'
[2.532s] INFO:colcon.colcon_core.shell:Creating environment descriptor '/mnt/c/Users/Wes/OneDrive - University of Leeds/OCOM5205M Robotics/ros2_ws/install/unit1/share/unit1/hook/pythonpath.dsv'
[2.536s] INFO:colcon.colcon_core.shell:Creating environment hook '/mnt/c/Users/Wes/OneDrive - University of Leeds/OCOM5205M Robotics/ros2_ws/install/unit1/share/unit1/hook/pythonpath.sh'
[2.542s] Level 1:colcon.colcon_core.environment:checking '/mnt/c/Users/Wes/OneDrive - University of Leeds/OCOM5205M Robotics/ros2_ws/install/unit1/bin'
[2.542s] Level 1:colcon.colcon_core.environment:create_environment_scripts_only(unit1)
[2.542s] INFO:colcon.colcon_core.shell:Creating package script '/mnt/c/Users/Wes/OneDrive - University of Leeds/OCOM5205M Robotics/ros2_ws/install/unit1/share/unit1/package.ps1'
[2.548s] INFO:colcon.colcon_core.shell:Creating package descriptor '/mnt/c/Users/Wes/OneDrive - University of Leeds/OCOM5205M Robotics/ros2_ws/install/unit1/share/unit1/package.dsv'
[2.552s] INFO:colcon.colcon_core.shell:Creating package script '/mnt/c/Users/Wes/OneDrive - University of Leeds/OCOM5205M Robotics/ros2_ws/install/unit1/share/unit1/package.sh'
[2.557s] INFO:colcon.colcon_core.shell:Creating package script '/mnt/c/Users/Wes/OneDrive - University of Leeds/OCOM5205M Robotics/ros2_ws/install/unit1/share/unit1/package.bash'
[2.562s] INFO:colcon.colcon_core.shell:Creating package script '/mnt/c/Users/Wes/OneDrive - University of Leeds/OCOM5205M Robotics/ros2_ws/install/unit1/share/unit1/package.zsh'
[2.567s] Level 1:colcon.colcon_core.environment:create_file_with_runtime_dependencies(/mnt/c/Users/Wes/OneDrive - University of Leeds/OCOM5205M Robotics/ros2_ws/install/unit1/share/colcon-core/packages/unit1)
[2.571s] DEBUG:colcon.colcon_parallel_executor.executor.parallel:closing loop
[2.571s] DEBUG:colcon.colcon_parallel_executor.executor.parallel:loop closed
[2.571s] DEBUG:colcon.colcon_parallel_executor.executor.parallel:run_until_complete finished with '0'
[2.571s] DEBUG:colcon.colcon_core.event_reactor:joining thread
[2.590s] INFO:colcon.colcon_core.plugin_system:Skipping extension 'colcon_notification.desktop_notification.notify_send': Could not find 'notify-send'
[2.590s] INFO:colcon.colcon_core.plugin_system:Skipping extension 'colcon_notification.desktop_notification.terminal_notifier': Not used on non-Darwin systems
[2.590s] INFO:colcon.colcon_core.plugin_system:Skipping extension 'colcon_notification.desktop_notification.win32': Not used on non-Windows systems
[2.590s] INFO:colcon.colcon_notification.desktop_notification:Sending desktop notification using 'notify2'
[2.590s] DEBUG:colcon.colcon_notification.desktop_notification.notify2:Failed to initialize notify2: org.freedesktop.DBus.Error.FileNotFound: Failed to connect to socket /run/user/0/bus: No such file or directory
[2.590s] DEBUG:colcon.colcon_core.event_reactor:joined thread
[2.591s] INFO:colcon.colcon_core.shell:Creating prefix script '/mnt/c/Users/Wes/OneDrive - University of Leeds/OCOM5205M Robotics/ros2_ws/install/local_setup.ps1'
[2.593s] INFO:colcon.colcon_core.shell:Creating prefix util module '/mnt/c/Users/Wes/OneDrive - University of Leeds/OCOM5205M Robotics/ros2_ws/install/_local_setup_util_ps1.py'
[2.596s] INFO:colcon.colcon_core.shell:Creating prefix chain script '/mnt/c/Users/Wes/OneDrive - University of Leeds/OCOM5205M Robotics/ros2_ws/install/setup.ps1'
[2.603s] INFO:colcon.colcon_core.shell:Creating prefix script '/mnt/c/Users/Wes/OneDrive - University of Leeds/OCOM5205M Robotics/ros2_ws/install/local_setup.sh'
[2.605s] INFO:colcon.colcon_core.shell:Creating prefix util module '/mnt/c/Users/Wes/OneDrive - University of Leeds/OCOM5205M Robotics/ros2_ws/install/_local_setup_util_sh.py'
[2.607s] INFO:colcon.colcon_core.shell:Creating prefix chain script '/mnt/c/Users/Wes/OneDrive - University of Leeds/OCOM5205M Robotics/ros2_ws/install/setup.sh'
[2.613s] INFO:colcon.colcon_core.shell:Creating prefix script '/mnt/c/Users/Wes/OneDrive - University of Leeds/OCOM5205M Robotics/ros2_ws/install/local_setup.bash'
[2.616s] INFO:colcon.colcon_core.shell:Creating prefix chain script '/mnt/c/Users/Wes/OneDrive - University of Leeds/OCOM5205M Robotics/ros2_ws/install/setup.bash'
[2.622s] INFO:colcon.colcon_core.shell:Creating prefix script '/mnt/c/Users/Wes/OneDrive - University of Leeds/OCOM5205M Robotics/ros2_ws/install/local_setup.zsh'
[2.624s] INFO:colcon.colcon_core.shell:Creating prefix chain script '/mnt/c/Users/Wes/OneDrive - University of Leeds/OCOM5205M Robotics/ros2_ws/install/setup.zsh'
