[1.202s] Invoking command in '/mnt/c/Users/Wes/OneDrive - University of Leeds/OCOM5205M Robotics/ros2_ws/src/unit1': PYTHONPATH=/mnt/c/Users/Wes/OneDrive - University of Leeds/OCOM5205M Robotics/ros2_ws/build/unit1/prefix_override:/mnt/c/Users/Wes/OneDrive - University of Leeds/OCOM5205M Robotics/ros2_ws/install/unit1/lib/python3.10/site-packages:${PYTHONPATH} /usr/bin/python3 -W ignore:setup.py install is deprecated setup.py egg_info --egg-base ../../build/unit1 build --build-base /mnt/c/Users/Wes/OneDrive - University of Leeds/OCOM5205M Robotics/ros2_ws/build/unit1/build install --record /mnt/c/Users/Wes/OneDrive - University of Leeds/OCOM5205M Robotics/ros2_ws/build/unit1/install.log --single-version-externally-managed install_data
[1.696s] running egg_info
[1.698s] writing ../../build/unit1/unit1.egg-info/PKG-INFO
[1.701s] writing dependency_links to ../../build/unit1/unit1.egg-info/dependency_links.txt
[1.704s] writing entry points to ../../build/unit1/unit1.egg-info/entry_points.txt
[1.707s] writing requirements to ../../build/unit1/unit1.egg-info/requires.txt
[1.709s] writing top-level names to ../../build/unit1/unit1.egg-info/top_level.txt
[1.725s] reading manifest file '../../build/unit1/unit1.egg-info/SOURCES.txt'
[1.753s] writing manifest file '../../build/unit1/unit1.egg-info/SOURCES.txt'
[1.755s] running build
[1.755s] running build_py
[1.760s] copying unit1/forward.py -> /mnt/c/Users/Wes/OneDrive - University of Leeds/OCOM5205M Robotics/ros2_ws/build/unit1/build/lib/unit1
[1.768s] copying unit1/publisher_member_function.py -> /mnt/c/Users/Wes/OneDrive - University of Leeds/OCOM5205M Robotics/ros2_ws/build/unit1/build/lib/unit1
[1.778s] copying unit1/subscriber_member_function.py -> /mnt/c/Users/Wes/OneDrive - University of Leeds/OCOM5205M Robotics/ros2_ws/build/unit1/build/lib/unit1
[1.789s] running install
[1.789s] running install_lib
[1.804s] copying /mnt/c/Users/Wes/OneDrive - University of Leeds/OCOM5205M Robotics/ros2_ws/build/unit1/build/lib/unit1/forward.py -> /mnt/c/Users/Wes/OneDrive - University of Leeds/OCOM5205M Robotics/ros2_ws/install/unit1/lib/python3.10/site-packages/unit1
[1.819s] copying /mnt/c/Users/Wes/OneDrive - University of Leeds/OCOM5205M Robotics/ros2_ws/build/unit1/build/lib/unit1/publisher_member_function.py -> /mnt/c/Users/Wes/OneDrive - University of Leeds/OCOM5205M Robotics/ros2_ws/install/unit1/lib/python3.10/site-packages/unit1
[1.833s] copying /mnt/c/Users/Wes/OneDrive - University of Leeds/OCOM5205M Robotics/ros2_ws/build/unit1/build/lib/unit1/subscriber_member_function.py -> /mnt/c/Users/Wes/OneDrive - University of Leeds/OCOM5205M Robotics/ros2_ws/install/unit1/lib/python3.10/site-packages/unit1
[1.855s] byte-compiling /mnt/c/Users/Wes/OneDrive - University of Leeds/OCOM5205M Robotics/ros2_ws/install/unit1/lib/python3.10/site-packages/unit1/forward.py to forward.cpython-310.pyc
[1.872s] byte-compiling /mnt/c/Users/Wes/OneDrive - University of Leeds/OCOM5205M Robotics/ros2_ws/install/unit1/lib/python3.10/site-packages/unit1/publisher_member_function.py to publisher_member_function.cpython-310.pyc
[1.889s] byte-compiling /mnt/c/Users/Wes/OneDrive - University of Leeds/OCOM5205M Robotics/ros2_ws/install/unit1/lib/python3.10/site-packages/unit1/subscriber_member_function.py to subscriber_member_function.cpython-310.pyc
[1.908s] running install_data
[1.919s] copying package.xml -> /mnt/c/Users/Wes/OneDrive - University of Leeds/OCOM5205M Robotics/ros2_ws/install/unit1/share/unit1
[1.926s] running install_egg_info
[1.932s] removing '/mnt/c/Users/Wes/OneDrive - University of Leeds/OCOM5205M Robotics/ros2_ws/install/unit1/lib/python3.10/site-packages/unit1-0.0.0-py3.10.egg-info' (and everything under it)
[1.958s] Copying ../../build/unit1/unit1.egg-info to /mnt/c/Users/Wes/OneDrive - University of Leeds/OCOM5205M Robotics/ros2_ws/install/unit1/lib/python3.10/site-packages/unit1-0.0.0-py3.10.egg-info
[2.059s] running install_scripts
[2.103s] Installing forward script to /mnt/c/Users/Wes/OneDrive - University of Leeds/OCOM5205M Robotics/ros2_ws/install/unit1/lib/unit1
[2.108s] Installing listener script to /mnt/c/Users/Wes/OneDrive - University of Leeds/OCOM5205M Robotics/ros2_ws/install/unit1/lib/unit1
[2.113s] Installing talker script to /mnt/c/Users/Wes/OneDrive - University of Leeds/OCOM5205M Robotics/ros2_ws/install/unit1/lib/unit1
[2.119s] writing list of installed files to '/mnt/c/Users/Wes/OneDrive - University of Leeds/OCOM5205M Robotics/ros2_ws/build/unit1/install.log'
[2.133s] Invoked command in '/mnt/c/Users/Wes/OneDrive - University of Leeds/OCOM5205M Robotics/ros2_ws/src/unit1' returned '0': PYTHONPATH=/mnt/c/Users/Wes/OneDrive - University of Leeds/OCOM5205M Robotics/ros2_ws/build/unit1/prefix_override:/mnt/c/Users/Wes/OneDrive - University of Leeds/OCOM5205M Robotics/ros2_ws/install/unit1/lib/python3.10/site-packages:${PYTHONPATH} /usr/bin/python3 -W ignore:setup.py install is deprecated setup.py egg_info --egg-base ../../build/unit1 build --build-base /mnt/c/Users/Wes/OneDrive - University of Leeds/OCOM5205M Robotics/ros2_ws/build/unit1/build install --record /mnt/c/Users/Wes/OneDrive - University of Leeds/OCOM5205M Robotics/ros2_ws/build/unit1/install.log --single-version-externally-managed install_data
