[0.210s] DEBUG:colcon:Command line arguments: ['/usr/bin/colcon', 'build', '--packages-select', 'unit1']
[0.210s] DEBUG:colcon:Parsed command line arguments: Namespace(log_base=None, log_level=None, verb_name='build', build_base='build', install_base='install', merge_install=False, symlink_install=False, test_result_base=None, continue_on_error=False, executor='parallel', parallel_workers=16, event_handlers=None, ignore_user_meta=False, metas=['./colcon.meta'], base_paths=['.'], packages_ignore=None, packages_ignore_regex=None, paths=None, packages_up_to=None, packages_up_to_regex=None, packages_above=None, packages_above_and_dependencies=None, packages_above_depth=None, packages_select_by_dep=None, packages_skip_by_dep=None, packages_skip_up_to=None, packages_select_build_failed=False, packages_skip_build_finished=False, packages_select_test_failures=False, packages_skip_test_passed=False, packages_select=['unit1'], packages_skip=None, packages_select_regex=None, packages_skip_regex=None, packages_start=None, packages_end=None, allow_overriding=[], cmake_args=None, cmake_target=None, cmake_target_skip_unavailable=False, cmake_clean_cache=False, cmake_clean_first=False, cmake_force_configure=False, ament_cmake_args=None, catkin_cmake_args=None, catkin_skip_building_tests=False, verb_parser=<colcon_defaults.argument_parser.defaults.DefaultArgumentsDecorator object at 0x7f72b4a68ac0>, verb_extension=<colcon_core.verb.build.BuildVerb object at 0x7f72b49e6920>, main=<bound method BuildVerb.main of <colcon_core.verb.build.BuildVerb object at 0x7f72b49e6920>>)
[0.380s] Level 1:colcon.colcon_core.package_discovery:discover_packages(colcon_meta) check parameters
[0.380s] Level 1:colcon.colcon_core.package_discovery:discover_packages(recursive) check parameters
[0.380s] Level 1:colcon.colcon_core.package_discovery:discover_packages(ignore) check parameters
[0.380s] Level 1:colcon.colcon_core.package_discovery:discover_packages(path) check parameters
[0.380s] Level 1:colcon.colcon_core.package_discovery:discover_packages(colcon_meta) discover
[0.380s] Level 1:colcon.colcon_core.package_discovery:discover_packages(recursive) discover
[0.381s] INFO:colcon.colcon_core.package_discovery:Crawling recursively for packages in '/mnt/c/Users/Wes/OneDrive - University of Leeds/OCOM5205M Robotics/ros2_ws'
[0.381s] Level 1:colcon.colcon_core.package_identification:_identify(.) by extensions ['ignore', 'ignore_ament_install']
[0.381s] Level 1:colcon.colcon_core.package_identification:_identify(.) by extension 'ignore'
[0.382s] Level 1:colcon.colcon_core.package_identification:_identify(.) by extension 'ignore_ament_install'
[0.382s] Level 1:colcon.colcon_core.package_identification:_identify(.) by extensions ['colcon_pkg']
[0.382s] Level 1:colcon.colcon_core.package_identification:_identify(.) by extension 'colcon_pkg'
[0.382s] Level 1:colcon.colcon_core.package_identification:_identify(.) by extensions ['colcon_meta']
[0.382s] Level 1:colcon.colcon_core.package_identification:_identify(.) by extension 'colcon_meta'
[0.382s] Level 1:colcon.colcon_core.package_identification:_identify(.) by extensions ['ros']
[0.383s] Level 1:colcon.colcon_core.package_identification:_identify(.) by extension 'ros'
[0.390s] Level 1:colcon.colcon_core.package_identification:_identify(.) by extensions ['cmake', 'python']
[0.391s] Level 1:colcon.colcon_core.package_identification:_identify(.) by extension 'cmake'
[0.391s] Level 1:colcon.colcon_core.package_identification:_identify(.) by extension 'python'
[0.391s] Level 1:colcon.colcon_core.package_identification:_identify(.) by extensions ['python_setup_py']
[0.391s] Level 1:colcon.colcon_core.package_identification:_identify(.) by extension 'python_setup_py'
[0.392s] Level 1:colcon.colcon_core.package_identification:_identify(build) by extensions ['ignore', 'ignore_ament_install']
[0.393s] Level 1:colcon.colcon_core.package_identification:_identify(build) by extension 'ignore'
[0.393s] Level 1:colcon.colcon_core.package_identification:_identify(build) ignored
[0.394s] Level 1:colcon.colcon_core.package_identification:_identify(install) by extensions ['ignore', 'ignore_ament_install']
[0.395s] Level 1:colcon.colcon_core.package_identification:_identify(install) by extension 'ignore'
[0.395s] Level 1:colcon.colcon_core.package_identification:_identify(install) ignored
[0.397s] Level 1:colcon.colcon_core.package_identification:_identify(log) by extensions ['ignore', 'ignore_ament_install']
[0.397s] Level 1:colcon.colcon_core.package_identification:_identify(log) by extension 'ignore'
[0.397s] Level 1:colcon.colcon_core.package_identification:_identify(log) ignored
[0.398s] Level 1:colcon.colcon_core.package_identification:_identify(src) by extensions ['ignore', 'ignore_ament_install']
[0.398s] Level 1:colcon.colcon_core.package_identification:_identify(src) by extension 'ignore'
[0.399s] Level 1:colcon.colcon_core.package_identification:_identify(src) by extension 'ignore_ament_install'
[0.399s] Level 1:colcon.colcon_core.package_identification:_identify(src) by extensions ['colcon_pkg']
[0.400s] Level 1:colcon.colcon_core.package_identification:_identify(src) by extension 'colcon_pkg'
[0.400s] Level 1:colcon.colcon_core.package_identification:_identify(src) by extensions ['colcon_meta']
[0.400s] Level 1:colcon.colcon_core.package_identification:_identify(src) by extension 'colcon_meta'
[0.400s] Level 1:colcon.colcon_core.package_identification:_identify(src) by extensions ['ros']
[0.401s] Level 1:colcon.colcon_core.package_identification:_identify(src) by extension 'ros'
[0.402s] Level 1:colcon.colcon_core.package_identification:_identify(src) by extensions ['cmake', 'python']
[0.402s] Level 1:colcon.colcon_core.package_identification:_identify(src) by extension 'cmake'
[0.402s] Level 1:colcon.colcon_core.package_identification:_identify(src) by extension 'python'
[0.403s] Level 1:colcon.colcon_core.package_identification:_identify(src) by extensions ['python_setup_py']
[0.403s] Level 1:colcon.colcon_core.package_identification:_identify(src) by extension 'python_setup_py'
[0.405s] Level 1:colcon.colcon_core.package_identification:_identify(src/unit1) by extensions ['ignore', 'ignore_ament_install']
[0.405s] Level 1:colcon.colcon_core.package_identification:_identify(src/unit1) by extension 'ignore'
[0.406s] Level 1:colcon.colcon_core.package_identification:_identify(src/unit1) by extension 'ignore_ament_install'
[0.407s] Level 1:colcon.colcon_core.package_identification:_identify(src/unit1) by extensions ['colcon_pkg']
[0.407s] Level 1:colcon.colcon_core.package_identification:_identify(src/unit1) by extension 'colcon_pkg'
[0.407s] Level 1:colcon.colcon_core.package_identification:_identify(src/unit1) by extensions ['colcon_meta']
[0.407s] Level 1:colcon.colcon_core.package_identification:_identify(src/unit1) by extension 'colcon_meta'
[0.408s] Level 1:colcon.colcon_core.package_identification:_identify(src/unit1) by extensions ['ros']
[0.408s] Level 1:colcon.colcon_core.package_identification:_identify(src/unit1) by extension 'ros'
[0.414s] DEBUG:colcon.colcon_core.package_identification:Package 'src/unit1' with type 'ros.ament_python' and name 'unit1'
[0.415s] Level 1:colcon.colcon_core.package_discovery:discover_packages(recursive) using defaults
[0.415s] Level 1:colcon.colcon_core.package_discovery:discover_packages(ignore) discover
[0.415s] Level 1:colcon.colcon_core.package_discovery:discover_packages(ignore) using defaults
[0.415s] Level 1:colcon.colcon_core.package_discovery:discover_packages(path) discover
[0.415s] Level 1:colcon.colcon_core.package_discovery:discover_packages(path) using defaults
[0.455s] Level 1:colcon.colcon_core.package_discovery:discover_packages(prefix_path) check parameters
[0.455s] Level 1:colcon.colcon_core.package_discovery:discover_packages(prefix_path) discover
[0.473s] DEBUG:colcon.colcon_installed_package_information.package_discovery:Found 1 installed packages in /mnt/c/Users/Wes/OneDrive - University of Leeds/OCOM5205M Robotics/ros2_ws/install
[0.477s] DEBUG:colcon.colcon_installed_package_information.package_discovery:Found 345 installed packages in /root/ros2_humble/install
[0.479s] DEBUG:colcon.colcon_installed_package_information.package_discovery:Found 261 installed packages in /opt/ros/humble
[0.482s] Level 1:colcon.colcon_core.package_discovery:discover_packages(prefix_path) using defaults
[0.515s] Level 5:colcon.colcon_core.verb:set package 'unit1' build argument 'cmake_args' from command line to 'None'
[0.515s] Level 5:colcon.colcon_core.verb:set package 'unit1' build argument 'cmake_target' from command line to 'None'
[0.515s] Level 5:colcon.colcon_core.verb:set package 'unit1' build argument 'cmake_target_skip_unavailable' from command line to 'False'
[0.515s] Level 5:colcon.colcon_core.verb:set package 'unit1' build argument 'cmake_clean_cache' from command line to 'False'
[0.515s] Level 5:colcon.colcon_core.verb:set package 'unit1' build argument 'cmake_clean_first' from command line to 'False'
[0.515s] Level 5:colcon.colcon_core.verb:set package 'unit1' build argument 'cmake_force_configure' from command line to 'False'
[0.515s] Level 5:colcon.colcon_core.verb:set package 'unit1' build argument 'ament_cmake_args' from command line to 'None'
[0.515s] Level 5:colcon.colcon_core.verb:set package 'unit1' build argument 'catkin_cmake_args' from command line to 'None'
[0.515s] Level 5:colcon.colcon_core.verb:set package 'unit1' build argument 'catkin_skip_building_tests' from command line to 'False'
[0.515s] DEBUG:colcon.colcon_core.verb:Building package 'unit1' with the following arguments: {'ament_cmake_args': None, 'build_base': '/mnt/c/Users/Wes/OneDrive - University of Leeds/OCOM5205M Robotics/ros2_ws/build/unit1', 'catkin_cmake_args': None, 'catkin_skip_building_tests': False, 'cmake_args': None, 'cmake_clean_cache': False, 'cmake_clean_first': False, 'cmake_force_configure': False, 'cmake_target': None, 'cmake_target_skip_unavailable': False, 'install_base': '/mnt/c/Users/Wes/OneDrive - University of Leeds/OCOM5205M Robotics/ros2_ws/install/unit1', 'merge_install': False, 'path': '/mnt/c/Users/Wes/OneDrive - University of Leeds/OCOM5205M Robotics/ros2_ws/src/unit1', 'symlink_install': False, 'test_result_base': None}
[0.516s] INFO:colcon.colcon_core.executor:Executing jobs using 'parallel' executor
[0.516s] DEBUG:colcon.colcon_parallel_executor.executor.parallel:run_until_complete
[0.516s] INFO:colcon.colcon_ros.task.ament_python.build:Building ROS package in '/mnt/c/Users/Wes/OneDrive - University of Leeds/OCOM5205M Robotics/ros2_ws/src/unit1' with build type 'ament_python'
[0.517s] Level 1:colcon.colcon_core.shell:create_environment_hook('unit1', 'ament_prefix_path')
[0.522s] INFO:colcon.colcon_core.plugin_system:Skipping extension 'colcon_core.shell.bat': Not used on non-Windows systems
[0.522s] INFO:colcon.colcon_core.shell:Creating environment hook '/mnt/c/Users/Wes/OneDrive - University of Leeds/OCOM5205M Robotics/ros2_ws/install/unit1/share/unit1/hook/ament_prefix_path.ps1'
[0.529s] INFO:colcon.colcon_core.shell:Creating environment descriptor '/mnt/c/Users/Wes/OneDrive - University of Leeds/OCOM5205M Robotics/ros2_ws/install/unit1/share/unit1/hook/ament_prefix_path.dsv'
[0.535s] INFO:colcon.colcon_core.shell:Creating environment hook '/mnt/c/Users/Wes/OneDrive - University of Leeds/OCOM5205M Robotics/ros2_ws/install/unit1/share/unit1/hook/ament_prefix_path.sh'
[0.541s] INFO:colcon.colcon_core.shell:Skip shell extension 'powershell' for command environment: Not usable outside of PowerShell
[0.541s] DEBUG:colcon.colcon_core.shell:Skip shell extension 'dsv' for command environment
[0.983s] INFO:colcon.colcon_core.task.python.build:Building Python package in '/mnt/c/Users/Wes/OneDrive - University of Leeds/OCOM5205M Robotics/ros2_ws/src/unit1'
[0.984s] INFO:colcon.colcon_core.shell:Skip shell extension 'powershell' for command environment: Not usable outside of PowerShell
[0.984s] DEBUG:colcon.colcon_core.shell:Skip shell extension 'dsv' for command environment
[1.728s] DEBUG:colcon.colcon_core.event_handler.log_command:Invoking command in '/mnt/c/Users/Wes/OneDrive - University of Leeds/OCOM5205M Robotics/ros2_ws/src/unit1': PYTHONPATH=/mnt/c/Users/Wes/OneDrive - University of Leeds/OCOM5205M Robotics/ros2_ws/build/unit1/prefix_override:/mnt/c/Users/Wes/OneDrive - University of Leeds/OCOM5205M Robotics/ros2_ws/install/unit1/lib/python3.10/site-packages:${PYTHONPATH} /usr/bin/python3 -W ignore:setup.py install is deprecated setup.py egg_info --egg-base ../../build/unit1 build --build-base /mnt/c/Users/Wes/OneDrive - University of Leeds/OCOM5205M Robotics/ros2_ws/build/unit1/build install --record /mnt/c/Users/Wes/OneDrive - University of Leeds/OCOM5205M Robotics/ros2_ws/build/unit1/install.log --single-version-externally-managed install_data
[2.689s] DEBUG:colcon.colcon_core.event_handler.log_command:Invoked command in '/mnt/c/Users/Wes/OneDrive - University of Leeds/OCOM5205M Robotics/ros2_ws/src/unit1' returned '0': PYTHONPATH=/mnt/c/Users/Wes/OneDrive - University of Leeds/OCOM5205M Robotics/ros2_ws/build/unit1/prefix_override:/mnt/c/Users/Wes/OneDrive - University of Leeds/OCOM5205M Robotics/ros2_ws/install/unit1/lib/python3.10/site-packages:${PYTHONPATH} /usr/bin/python3 -W ignore:setup.py install is deprecated setup.py egg_info --egg-base ../../build/unit1 build --build-base /mnt/c/Users/Wes/OneDrive - University of Leeds/OCOM5205M Robotics/ros2_ws/build/unit1/build install --record /mnt/c/Users/Wes/OneDrive - University of Leeds/OCOM5205M Robotics/ros2_ws/build/unit1/install.log --single-version-externally-managed install_data
[2.696s] Level 1:colcon.colcon_core.environment:checking '/mnt/c/Users/Wes/OneDrive - University of Leeds/OCOM5205M Robotics/ros2_ws/install/unit1' for CMake module files
[2.719s] Level 1:colcon.colcon_core.environment:checking '/mnt/c/Users/Wes/OneDrive - University of Leeds/OCOM5205M Robotics/ros2_ws/install/unit1' for CMake config files
[2.756s] Level 1:colcon.colcon_core.environment:checking '/mnt/c/Users/Wes/OneDrive - University of Leeds/OCOM5205M Robotics/ros2_ws/install/unit1/lib'
[2.758s] Level 1:colcon.colcon_core.environment:checking '/mnt/c/Users/Wes/OneDrive - University of Leeds/OCOM5205M Robotics/ros2_ws/install/unit1/bin'
[2.758s] Level 1:colcon.colcon_core.environment:checking '/mnt/c/Users/Wes/OneDrive - University of Leeds/OCOM5205M Robotics/ros2_ws/install/unit1/lib/pkgconfig/unit1.pc'
[2.759s] Level 1:colcon.colcon_core.environment:checking '/mnt/c/Users/Wes/OneDrive - University of Leeds/OCOM5205M Robotics/ros2_ws/install/unit1/lib/python3.10/site-packages'
[2.760s] Level 1:colcon.colcon_core.shell:create_environment_hook('unit1', 'pythonpath')
[2.761s] INFO:colcon.colcon_core.shell:Creating environment hook '/mnt/c/Users/Wes/OneDrive - University of Leeds/OCOM5205M Robotics/ros2_ws/install/unit1/share/unit1/hook/pythonpath.ps1'
[2.767s] INFO:colcon.colcon_core.shell:Creating environment descriptor '/mnt/c/Users/Wes/OneDrive - University of Leeds/OCOM5205M Robotics/ros2_ws/install/unit1/share/unit1/hook/pythonpath.dsv'
[2.772s] INFO:colcon.colcon_core.shell:Creating environment hook '/mnt/c/Users/Wes/OneDrive - University of Leeds/OCOM5205M Robotics/ros2_ws/install/unit1/share/unit1/hook/pythonpath.sh'
[2.778s] Level 1:colcon.colcon_core.environment:checking '/mnt/c/Users/Wes/OneDrive - University of Leeds/OCOM5205M Robotics/ros2_ws/install/unit1/bin'
[2.779s] Level 1:colcon.colcon_core.environment:create_environment_scripts_only(unit1)
[2.779s] INFO:colcon.colcon_core.shell:Creating package script '/mnt/c/Users/Wes/OneDrive - University of Leeds/OCOM5205M Robotics/ros2_ws/install/unit1/share/unit1/package.ps1'
[2.785s] INFO:colcon.colcon_core.shell:Creating package descriptor '/mnt/c/Users/Wes/OneDrive - University of Leeds/OCOM5205M Robotics/ros2_ws/install/unit1/share/unit1/package.dsv'
[2.791s] INFO:colcon.colcon_core.shell:Creating package script '/mnt/c/Users/Wes/OneDrive - University of Leeds/OCOM5205M Robotics/ros2_ws/install/unit1/share/unit1/package.sh'
[2.796s] INFO:colcon.colcon_core.shell:Creating package script '/mnt/c/Users/Wes/OneDrive - University of Leeds/OCOM5205M Robotics/ros2_ws/install/unit1/share/unit1/package.bash'
[2.801s] INFO:colcon.colcon_core.shell:Creating package script '/mnt/c/Users/Wes/OneDrive - University of Leeds/OCOM5205M Robotics/ros2_ws/install/unit1/share/unit1/package.zsh'
[2.806s] Level 1:colcon.colcon_core.environment:create_file_with_runtime_dependencies(/mnt/c/Users/Wes/OneDrive - University of Leeds/OCOM5205M Robotics/ros2_ws/install/unit1/share/colcon-core/packages/unit1)
[2.810s] DEBUG:colcon.colcon_parallel_executor.executor.parallel:closing loop
[2.811s] DEBUG:colcon.colcon_parallel_executor.executor.parallel:loop closed
[2.811s] DEBUG:colcon.colcon_parallel_executor.executor.parallel:run_until_complete finished with '0'
[2.811s] DEBUG:colcon.colcon_core.event_reactor:joining thread
[2.834s] INFO:colcon.colcon_core.plugin_system:Skipping extension 'colcon_notification.desktop_notification.notify_send': Could not find 'notify-send'
[2.834s] INFO:colcon.colcon_core.plugin_system:Skipping extension 'colcon_notification.desktop_notification.terminal_notifier': Not used on non-Darwin systems
[2.834s] INFO:colcon.colcon_core.plugin_system:Skipping extension 'colcon_notification.desktop_notification.win32': Not used on non-Windows systems
[2.834s] INFO:colcon.colcon_notification.desktop_notification:Sending desktop notification using 'notify2'
[2.834s] DEBUG:colcon.colcon_notification.desktop_notification.notify2:Failed to initialize notify2: org.freedesktop.DBus.Error.FileNotFound: Failed to connect to socket /run/user/0/bus: No such file or directory
[2.835s] DEBUG:colcon.colcon_core.event_reactor:joined thread
[2.835s] INFO:colcon.colcon_core.shell:Creating prefix script '/mnt/c/Users/Wes/OneDrive - University of Leeds/OCOM5205M Robotics/ros2_ws/install/local_setup.ps1'
[2.837s] INFO:colcon.colcon_core.shell:Creating prefix util module '/mnt/c/Users/Wes/OneDrive - University of Leeds/OCOM5205M Robotics/ros2_ws/install/_local_setup_util_ps1.py'
[2.840s] INFO:colcon.colcon_core.shell:Creating prefix chain script '/mnt/c/Users/Wes/OneDrive - University of Leeds/OCOM5205M Robotics/ros2_ws/install/setup.ps1'
[2.850s] INFO:colcon.colcon_core.shell:Creating prefix script '/mnt/c/Users/Wes/OneDrive - University of Leeds/OCOM5205M Robotics/ros2_ws/install/local_setup.sh'
[2.853s] INFO:colcon.colcon_core.shell:Creating prefix util module '/mnt/c/Users/Wes/OneDrive - University of Leeds/OCOM5205M Robotics/ros2_ws/install/_local_setup_util_sh.py'
[2.856s] INFO:colcon.colcon_core.shell:Creating prefix chain script '/mnt/c/Users/Wes/OneDrive - University of Leeds/OCOM5205M Robotics/ros2_ws/install/setup.sh'
[2.865s] INFO:colcon.colcon_core.shell:Creating prefix script '/mnt/c/Users/Wes/OneDrive - University of Leeds/OCOM5205M Robotics/ros2_ws/install/local_setup.bash'
[2.867s] INFO:colcon.colcon_core.shell:Creating prefix chain script '/mnt/c/Users/Wes/OneDrive - University of Leeds/OCOM5205M Robotics/ros2_ws/install/setup.bash'
[2.877s] INFO:colcon.colcon_core.shell:Creating prefix script '/mnt/c/Users/Wes/OneDrive - University of Leeds/OCOM5205M Robotics/ros2_ws/install/local_setup.zsh'
[2.879s] INFO:colcon.colcon_core.shell:Creating prefix chain script '/mnt/c/Users/Wes/OneDrive - University of Leeds/OCOM5205M Robotics/ros2_ws/install/setup.zsh'
