[0.217s] DEBUG:colcon:Command line arguments: ['/usr/bin/colcon', 'build', '--packages-select', 'unit1']
[0.217s] DEBUG:colcon:Parsed command line arguments: Namespace(log_base=None, log_level=None, verb_name='build', build_base='build', install_base='install', merge_install=False, symlink_install=False, test_result_base=None, continue_on_error=False, executor='parallel', parallel_workers=16, event_handlers=None, ignore_user_meta=False, metas=['./colcon.meta'], base_paths=['.'], packages_ignore=None, packages_ignore_regex=None, paths=None, packages_up_to=None, packages_up_to_regex=None, packages_above=None, packages_above_and_dependencies=None, packages_above_depth=None, packages_select_by_dep=None, packages_skip_by_dep=None, packages_skip_up_to=None, packages_select_build_failed=False, packages_skip_build_finished=False, packages_select_test_failures=False, packages_skip_test_passed=False, packages_select=['unit1'], packages_skip=None, packages_select_regex=None, packages_skip_regex=None, packages_start=None, packages_end=None, allow_overriding=[], cmake_args=None, cmake_target=None, cmake_target_skip_unavailable=False, cmake_clean_cache=False, cmake_clean_first=False, cmake_force_configure=False, ament_cmake_args=None, catkin_cmake_args=None, catkin_skip_building_tests=False, verb_parser=<colcon_defaults.argument_parser.defaults.DefaultArgumentsDecorator object at 0x7fdc9c9b0ac0>, verb_extension=<colcon_core.verb.build.BuildVerb object at 0x7fdc9c92e920>, main=<bound method BuildVerb.main of <colcon_core.verb.build.BuildVerb object at 0x7fdc9c92e920>>)
[0.387s] Level 1:colcon.colcon_core.package_discovery:discover_packages(colcon_meta) check parameters
[0.387s] Level 1:colcon.colcon_core.package_discovery:discover_packages(recursive) check parameters
[0.387s] Level 1:colcon.colcon_core.package_discovery:discover_packages(ignore) check parameters
[0.387s] Level 1:colcon.colcon_core.package_discovery:discover_packages(path) check parameters
[0.387s] Level 1:colcon.colcon_core.package_discovery:discover_packages(colcon_meta) discover
[0.388s] Level 1:colcon.colcon_core.package_discovery:discover_packages(recursive) discover
[0.388s] INFO:colcon.colcon_core.package_discovery:Crawling recursively for packages in '/mnt/c/Users/Wes/OneDrive - University of Leeds/OCOM5205M Robotics/ros2_ws'
[0.388s] Level 1:colcon.colcon_core.package_identification:_identify(.) by extensions ['ignore', 'ignore_ament_install']
[0.389s] Level 1:colcon.colcon_core.package_identification:_identify(.) by extension 'ignore'
[0.389s] Level 1:colcon.colcon_core.package_identification:_identify(.) by extension 'ignore_ament_install'
[0.389s] Level 1:colcon.colcon_core.package_identification:_identify(.) by extensions ['colcon_pkg']
[0.389s] Level 1:colcon.colcon_core.package_identification:_identify(.) by extension 'colcon_pkg'
[0.389s] Level 1:colcon.colcon_core.package_identification:_identify(.) by extensions ['colcon_meta']
[0.390s] Level 1:colcon.colcon_core.package_identification:_identify(.) by extension 'colcon_meta'
[0.390s] Level 1:colcon.colcon_core.package_identification:_identify(.) by extensions ['ros']
[0.390s] Level 1:colcon.colcon_core.package_identification:_identify(.) by extension 'ros'
[0.398s] Level 1:colcon.colcon_core.package_identification:_identify(.) by extensions ['cmake', 'python']
[0.398s] Level 1:colcon.colcon_core.package_identification:_identify(.) by extension 'cmake'
[0.399s] Level 1:colcon.colcon_core.package_identification:_identify(.) by extension 'python'
[0.399s] Level 1:colcon.colcon_core.package_identification:_identify(.) by extensions ['python_setup_py']
[0.399s] Level 1:colcon.colcon_core.package_identification:_identify(.) by extension 'python_setup_py'
[0.400s] Level 1:colcon.colcon_core.package_identification:_identify(build) by extensions ['ignore', 'ignore_ament_install']
[0.400s] Level 1:colcon.colcon_core.package_identification:_identify(build) by extension 'ignore'
[0.401s] Level 1:colcon.colcon_core.package_identification:_identify(build) ignored
[0.402s] Level 1:colcon.colcon_core.package_identification:_identify(install) by extensions ['ignore', 'ignore_ament_install']
[0.402s] Level 1:colcon.colcon_core.package_identification:_identify(install) by extension 'ignore'
[0.403s] Level 1:colcon.colcon_core.package_identification:_identify(install) ignored
[0.405s] Level 1:colcon.colcon_core.package_identification:_identify(log) by extensions ['ignore', 'ignore_ament_install']
[0.405s] Level 1:colcon.colcon_core.package_identification:_identify(log) by extension 'ignore'
[0.405s] Level 1:colcon.colcon_core.package_identification:_identify(log) ignored
[0.406s] Level 1:colcon.colcon_core.package_identification:_identify(src) by extensions ['ignore', 'ignore_ament_install']
[0.406s] Level 1:colcon.colcon_core.package_identification:_identify(src) by extension 'ignore'
[0.407s] Level 1:colcon.colcon_core.package_identification:_identify(src) by extension 'ignore_ament_install'
[0.407s] Level 1:colcon.colcon_core.package_identification:_identify(src) by extensions ['colcon_pkg']
[0.408s] Level 1:colcon.colcon_core.package_identification:_identify(src) by extension 'colcon_pkg'
[0.408s] Level 1:colcon.colcon_core.package_identification:_identify(src) by extensions ['colcon_meta']
[0.408s] Level 1:colcon.colcon_core.package_identification:_identify(src) by extension 'colcon_meta'
[0.408s] Level 1:colcon.colcon_core.package_identification:_identify(src) by extensions ['ros']
[0.408s] Level 1:colcon.colcon_core.package_identification:_identify(src) by extension 'ros'
[0.410s] Level 1:colcon.colcon_core.package_identification:_identify(src) by extensions ['cmake', 'python']
[0.410s] Level 1:colcon.colcon_core.package_identification:_identify(src) by extension 'cmake'
[0.410s] Level 1:colcon.colcon_core.package_identification:_identify(src) by extension 'python'
[0.411s] Level 1:colcon.colcon_core.package_identification:_identify(src) by extensions ['python_setup_py']
[0.411s] Level 1:colcon.colcon_core.package_identification:_identify(src) by extension 'python_setup_py'
[0.413s] Level 1:colcon.colcon_core.package_identification:_identify(src/unit1) by extensions ['ignore', 'ignore_ament_install']
[0.413s] Level 1:colcon.colcon_core.package_identification:_identify(src/unit1) by extension 'ignore'
[0.414s] Level 1:colcon.colcon_core.package_identification:_identify(src/unit1) by extension 'ignore_ament_install'
[0.415s] Level 1:colcon.colcon_core.package_identification:_identify(src/unit1) by extensions ['colcon_pkg']
[0.415s] Level 1:colcon.colcon_core.package_identification:_identify(src/unit1) by extension 'colcon_pkg'
[0.415s] Level 1:colcon.colcon_core.package_identification:_identify(src/unit1) by extensions ['colcon_meta']
[0.416s] Level 1:colcon.colcon_core.package_identification:_identify(src/unit1) by extension 'colcon_meta'
[0.416s] Level 1:colcon.colcon_core.package_identification:_identify(src/unit1) by extensions ['ros']
[0.417s] Level 1:colcon.colcon_core.package_identification:_identify(src/unit1) by extension 'ros'
[0.423s] DEBUG:colcon.colcon_core.package_identification:Package 'src/unit1' with type 'ros.ament_python' and name 'unit1'
[0.423s] Level 1:colcon.colcon_core.package_discovery:discover_packages(recursive) using defaults
[0.423s] Level 1:colcon.colcon_core.package_discovery:discover_packages(ignore) discover
[0.423s] Level 1:colcon.colcon_core.package_discovery:discover_packages(ignore) using defaults
[0.424s] Level 1:colcon.colcon_core.package_discovery:discover_packages(path) discover
[0.424s] Level 1:colcon.colcon_core.package_discovery:discover_packages(path) using defaults
[0.463s] Level 1:colcon.colcon_core.package_discovery:discover_packages(prefix_path) check parameters
[0.463s] Level 1:colcon.colcon_core.package_discovery:discover_packages(prefix_path) discover
[0.481s] DEBUG:colcon.colcon_installed_package_information.package_discovery:Found 1 installed packages in /mnt/c/Users/Wes/OneDrive - University of Leeds/OCOM5205M Robotics/ros2_ws/install
[0.486s] DEBUG:colcon.colcon_installed_package_information.package_discovery:Found 345 installed packages in /root/ros2_humble/install
[0.487s] DEBUG:colcon.colcon_installed_package_information.package_discovery:Found 261 installed packages in /opt/ros/humble
[0.490s] Level 1:colcon.colcon_core.package_discovery:discover_packages(prefix_path) using defaults
[0.522s] Level 5:colcon.colcon_core.verb:set package 'unit1' build argument 'cmake_args' from command line to 'None'
[0.522s] Level 5:colcon.colcon_core.verb:set package 'unit1' build argument 'cmake_target' from command line to 'None'
[0.522s] Level 5:colcon.colcon_core.verb:set package 'unit1' build argument 'cmake_target_skip_unavailable' from command line to 'False'
[0.522s] Level 5:colcon.colcon_core.verb:set package 'unit1' build argument 'cmake_clean_cache' from command line to 'False'
[0.522s] Level 5:colcon.colcon_core.verb:set package 'unit1' build argument 'cmake_clean_first' from command line to 'False'
[0.522s] Level 5:colcon.colcon_core.verb:set package 'unit1' build argument 'cmake_force_configure' from command line to 'False'
[0.523s] Level 5:colcon.colcon_core.verb:set package 'unit1' build argument 'ament_cmake_args' from command line to 'None'
[0.523s] Level 5:colcon.colcon_core.verb:set package 'unit1' build argument 'catkin_cmake_args' from command line to 'None'
[0.523s] Level 5:colcon.colcon_core.verb:set package 'unit1' build argument 'catkin_skip_building_tests' from command line to 'False'
[0.523s] DEBUG:colcon.colcon_core.verb:Building package 'unit1' with the following arguments: {'ament_cmake_args': None, 'build_base': '/mnt/c/Users/Wes/OneDrive - University of Leeds/OCOM5205M Robotics/ros2_ws/build/unit1', 'catkin_cmake_args': None, 'catkin_skip_building_tests': False, 'cmake_args': None, 'cmake_clean_cache': False, 'cmake_clean_first': False, 'cmake_force_configure': False, 'cmake_target': None, 'cmake_target_skip_unavailable': False, 'install_base': '/mnt/c/Users/Wes/OneDrive - University of Leeds/OCOM5205M Robotics/ros2_ws/install/unit1', 'merge_install': False, 'path': '/mnt/c/Users/Wes/OneDrive - University of Leeds/OCOM5205M Robotics/ros2_ws/src/unit1', 'symlink_install': False, 'test_result_base': None}
[0.523s] INFO:colcon.colcon_core.executor:Executing jobs using 'parallel' executor
[0.524s] DEBUG:colcon.colcon_parallel_executor.executor.parallel:run_until_complete
[0.524s] INFO:colcon.colcon_ros.task.ament_python.build:Building ROS package in '/mnt/c/Users/Wes/OneDrive - University of Leeds/OCOM5205M Robotics/ros2_ws/src/unit1' with build type 'ament_python'
[0.524s] Level 1:colcon.colcon_core.shell:create_environment_hook('unit1', 'ament_prefix_path')
[0.529s] INFO:colcon.colcon_core.plugin_system:Skipping extension 'colcon_core.shell.bat': Not used on non-Windows systems
[0.529s] INFO:colcon.colcon_core.shell:Creating environment hook '/mnt/c/Users/Wes/OneDrive - University of Leeds/OCOM5205M Robotics/ros2_ws/install/unit1/share/unit1/hook/ament_prefix_path.ps1'
[0.536s] INFO:colcon.colcon_core.shell:Creating environment descriptor '/mnt/c/Users/Wes/OneDrive - University of Leeds/OCOM5205M Robotics/ros2_ws/install/unit1/share/unit1/hook/ament_prefix_path.dsv'
[0.542s] INFO:colcon.colcon_core.shell:Creating environment hook '/mnt/c/Users/Wes/OneDrive - University of Leeds/OCOM5205M Robotics/ros2_ws/install/unit1/share/unit1/hook/ament_prefix_path.sh'
[0.548s] INFO:colcon.colcon_core.shell:Skip shell extension 'powershell' for command environment: Not usable outside of PowerShell
[0.548s] DEBUG:colcon.colcon_core.shell:Skip shell extension 'dsv' for command environment
[0.988s] INFO:colcon.colcon_core.task.python.build:Building Python package in '/mnt/c/Users/Wes/OneDrive - University of Leeds/OCOM5205M Robotics/ros2_ws/src/unit1'
[0.988s] INFO:colcon.colcon_core.shell:Skip shell extension 'powershell' for command environment: Not usable outside of PowerShell
[0.989s] DEBUG:colcon.colcon_core.shell:Skip shell extension 'dsv' for command environment
[1.727s] DEBUG:colcon.colcon_core.event_handler.log_command:Invoking command in '/mnt/c/Users/Wes/OneDrive - University of Leeds/OCOM5205M Robotics/ros2_ws/src/unit1': PYTHONPATH=/mnt/c/Users/Wes/OneDrive - University of Leeds/OCOM5205M Robotics/ros2_ws/build/unit1/prefix_override:/mnt/c/Users/Wes/OneDrive - University of Leeds/OCOM5205M Robotics/ros2_ws/install/unit1/lib/python3.10/site-packages:${PYTHONPATH} /usr/bin/python3 -W ignore:setup.py install is deprecated setup.py egg_info --egg-base ../../build/unit1 build --build-base /mnt/c/Users/Wes/OneDrive - University of Leeds/OCOM5205M Robotics/ros2_ws/build/unit1/build install --record /mnt/c/Users/Wes/OneDrive - University of Leeds/OCOM5205M Robotics/ros2_ws/build/unit1/install.log --single-version-externally-managed install_data
[2.692s] DEBUG:colcon.colcon_core.event_handler.log_command:Invoked command in '/mnt/c/Users/Wes/OneDrive - University of Leeds/OCOM5205M Robotics/ros2_ws/src/unit1' returned '0': PYTHONPATH=/mnt/c/Users/Wes/OneDrive - University of Leeds/OCOM5205M Robotics/ros2_ws/build/unit1/prefix_override:/mnt/c/Users/Wes/OneDrive - University of Leeds/OCOM5205M Robotics/ros2_ws/install/unit1/lib/python3.10/site-packages:${PYTHONPATH} /usr/bin/python3 -W ignore:setup.py install is deprecated setup.py egg_info --egg-base ../../build/unit1 build --build-base /mnt/c/Users/Wes/OneDrive - University of Leeds/OCOM5205M Robotics/ros2_ws/build/unit1/build install --record /mnt/c/Users/Wes/OneDrive - University of Leeds/OCOM5205M Robotics/ros2_ws/build/unit1/install.log --single-version-externally-managed install_data
[2.698s] Level 1:colcon.colcon_core.environment:checking '/mnt/c/Users/Wes/OneDrive - University of Leeds/OCOM5205M Robotics/ros2_ws/install/unit1' for CMake module files
[2.722s] Level 1:colcon.colcon_core.environment:checking '/mnt/c/Users/Wes/OneDrive - University of Leeds/OCOM5205M Robotics/ros2_ws/install/unit1' for CMake config files
[2.759s] Level 1:colcon.colcon_core.environment:checking '/mnt/c/Users/Wes/OneDrive - University of Leeds/OCOM5205M Robotics/ros2_ws/install/unit1/lib'
[2.761s] Level 1:colcon.colcon_core.environment:checking '/mnt/c/Users/Wes/OneDrive - University of Leeds/OCOM5205M Robotics/ros2_ws/install/unit1/bin'
[2.762s] Level 1:colcon.colcon_core.environment:checking '/mnt/c/Users/Wes/OneDrive - University of Leeds/OCOM5205M Robotics/ros2_ws/install/unit1/lib/pkgconfig/unit1.pc'
[2.762s] Level 1:colcon.colcon_core.environment:checking '/mnt/c/Users/Wes/OneDrive - University of Leeds/OCOM5205M Robotics/ros2_ws/install/unit1/lib/python3.10/site-packages'
[2.763s] Level 1:colcon.colcon_core.shell:create_environment_hook('unit1', 'pythonpath')
[2.764s] INFO:colcon.colcon_core.shell:Creating environment hook '/mnt/c/Users/Wes/OneDrive - University of Leeds/OCOM5205M Robotics/ros2_ws/install/unit1/share/unit1/hook/pythonpath.ps1'
[2.770s] INFO:colcon.colcon_core.shell:Creating environment descriptor '/mnt/c/Users/Wes/OneDrive - University of Leeds/OCOM5205M Robotics/ros2_ws/install/unit1/share/unit1/hook/pythonpath.dsv'
[2.775s] INFO:colcon.colcon_core.shell:Creating environment hook '/mnt/c/Users/Wes/OneDrive - University of Leeds/OCOM5205M Robotics/ros2_ws/install/unit1/share/unit1/hook/pythonpath.sh'
[2.781s] Level 1:colcon.colcon_core.environment:checking '/mnt/c/Users/Wes/OneDrive - University of Leeds/OCOM5205M Robotics/ros2_ws/install/unit1/bin'
[2.782s] Level 1:colcon.colcon_core.environment:create_environment_scripts_only(unit1)
[2.782s] INFO:colcon.colcon_core.shell:Creating package script '/mnt/c/Users/Wes/OneDrive - University of Leeds/OCOM5205M Robotics/ros2_ws/install/unit1/share/unit1/package.ps1'
[2.787s] INFO:colcon.colcon_core.shell:Creating package descriptor '/mnt/c/Users/Wes/OneDrive - University of Leeds/OCOM5205M Robotics/ros2_ws/install/unit1/share/unit1/package.dsv'
[2.792s] INFO:colcon.colcon_core.shell:Creating package script '/mnt/c/Users/Wes/OneDrive - University of Leeds/OCOM5205M Robotics/ros2_ws/install/unit1/share/unit1/package.sh'
[2.797s] INFO:colcon.colcon_core.shell:Creating package script '/mnt/c/Users/Wes/OneDrive - University of Leeds/OCOM5205M Robotics/ros2_ws/install/unit1/share/unit1/package.bash'
[2.802s] INFO:colcon.colcon_core.shell:Creating package script '/mnt/c/Users/Wes/OneDrive - University of Leeds/OCOM5205M Robotics/ros2_ws/install/unit1/share/unit1/package.zsh'
[2.807s] Level 1:colcon.colcon_core.environment:create_file_with_runtime_dependencies(/mnt/c/Users/Wes/OneDrive - University of Leeds/OCOM5205M Robotics/ros2_ws/install/unit1/share/colcon-core/packages/unit1)
[2.811s] DEBUG:colcon.colcon_parallel_executor.executor.parallel:closing loop
[2.811s] DEBUG:colcon.colcon_parallel_executor.executor.parallel:loop closed
[2.812s] DEBUG:colcon.colcon_parallel_executor.executor.parallel:run_until_complete finished with '0'
[2.812s] DEBUG:colcon.colcon_core.event_reactor:joining thread
[2.835s] INFO:colcon.colcon_core.plugin_system:Skipping extension 'colcon_notification.desktop_notification.notify_send': Could not find 'notify-send'
[2.835s] INFO:colcon.colcon_core.plugin_system:Skipping extension 'colcon_notification.desktop_notification.terminal_notifier': Not used on non-Darwin systems
[2.835s] INFO:colcon.colcon_core.plugin_system:Skipping extension 'colcon_notification.desktop_notification.win32': Not used on non-Windows systems
[2.836s] INFO:colcon.colcon_notification.desktop_notification:Sending desktop notification using 'notify2'
[2.836s] DEBUG:colcon.colcon_notification.desktop_notification.notify2:Failed to initialize notify2: org.freedesktop.DBus.Error.FileNotFound: Failed to connect to socket /run/user/0/bus: No such file or directory
[2.836s] DEBUG:colcon.colcon_core.event_reactor:joined thread
[2.836s] INFO:colcon.colcon_core.shell:Creating prefix script '/mnt/c/Users/Wes/OneDrive - University of Leeds/OCOM5205M Robotics/ros2_ws/install/local_setup.ps1'
[2.839s] INFO:colcon.colcon_core.shell:Creating prefix util module '/mnt/c/Users/Wes/OneDrive - University of Leeds/OCOM5205M Robotics/ros2_ws/install/_local_setup_util_ps1.py'
[2.842s] INFO:colcon.colcon_core.shell:Creating prefix chain script '/mnt/c/Users/Wes/OneDrive - University of Leeds/OCOM5205M Robotics/ros2_ws/install/setup.ps1'
[2.852s] INFO:colcon.colcon_core.shell:Creating prefix script '/mnt/c/Users/Wes/OneDrive - University of Leeds/OCOM5205M Robotics/ros2_ws/install/local_setup.sh'
[2.854s] INFO:colcon.colcon_core.shell:Creating prefix util module '/mnt/c/Users/Wes/OneDrive - University of Leeds/OCOM5205M Robotics/ros2_ws/install/_local_setup_util_sh.py'
[2.857s] INFO:colcon.colcon_core.shell:Creating prefix chain script '/mnt/c/Users/Wes/OneDrive - University of Leeds/OCOM5205M Robotics/ros2_ws/install/setup.sh'
[2.867s] INFO:colcon.colcon_core.shell:Creating prefix script '/mnt/c/Users/Wes/OneDrive - University of Leeds/OCOM5205M Robotics/ros2_ws/install/local_setup.bash'
[2.869s] INFO:colcon.colcon_core.shell:Creating prefix chain script '/mnt/c/Users/Wes/OneDrive - University of Leeds/OCOM5205M Robotics/ros2_ws/install/setup.bash'
[2.878s] INFO:colcon.colcon_core.shell:Creating prefix script '/mnt/c/Users/Wes/OneDrive - University of Leeds/OCOM5205M Robotics/ros2_ws/install/local_setup.zsh'
[2.881s] INFO:colcon.colcon_core.shell:Creating prefix chain script '/mnt/c/Users/Wes/OneDrive - University of Leeds/OCOM5205M Robotics/ros2_ws/install/setup.zsh'
