[1.238s] Invoking command in '/mnt/c/Users/Wes/OneDrive - University of Leeds/OCOM5205M Robotics/ros2_ws/src/unit1': PYTHONPATH=/mnt/c/Users/Wes/OneDrive - University of Leeds/OCOM5205M Robotics/ros2_ws/build/unit1/prefix_override:/mnt/c/Users/Wes/OneDrive - University of Leeds/OCOM5205M Robotics/ros2_ws/install/unit1/lib/python3.10/site-packages:${PYTHONPATH} /usr/bin/python3 -W ignore:setup.py install is deprecated setup.py egg_info --egg-base ../../build/unit1 build --build-base /mnt/c/Users/Wes/OneDrive - University of Leeds/OCOM5205M Robotics/ros2_ws/build/unit1/build install --record /mnt/c/Users/Wes/OneDrive - University of Leeds/OCOM5205M Robotics/ros2_ws/build/unit1/install.log --single-version-externally-managed install_data
[1.755s] running egg_info
[1.757s] writing ../../build/unit1/unit1.egg-info/PKG-INFO
[1.761s] writing dependency_links to ../../build/unit1/unit1.egg-info/dependency_links.txt
[1.764s] writing entry points to ../../build/unit1/unit1.egg-info/entry_points.txt
[1.766s] writing requirements to ../../build/unit1/unit1.egg-info/requires.txt
[1.768s] writing top-level names to ../../build/unit1/unit1.egg-info/top_level.txt
[1.785s] reading manifest file '../../build/unit1/unit1.egg-info/SOURCES.txt'
[1.818s] writing manifest file '../../build/unit1/unit1.egg-info/SOURCES.txt'
[1.820s] running build
[1.820s] running build_py
[1.833s] copying unit1/forward_default.py -> /mnt/c/Users/Wes/OneDrive - University of Leeds/OCOM5205M Robotics/ros2_ws/build/unit1/build/lib/unit1
[1.867s] running install
[1.867s] running install_lib
[1.893s] copying /mnt/c/Users/Wes/OneDrive - University of Leeds/OCOM5205M Robotics/ros2_ws/build/unit1/build/lib/unit1/forward_default.py -> /mnt/c/Users/Wes/OneDrive - University of Leeds/OCOM5205M Robotics/ros2_ws/install/unit1/lib/python3.10/site-packages/unit1
[1.943s] byte-compiling /mnt/c/Users/Wes/OneDrive - University of Leeds/OCOM5205M Robotics/ros2_ws/install/unit1/lib/python3.10/site-packages/unit1/forward_default.py to forward_default.cpython-310.pyc
[1.976s] running install_data
[1.987s] running install_egg_info
[1.993s] removing '/mnt/c/Users/Wes/OneDrive - University of Leeds/OCOM5205M Robotics/ros2_ws/install/unit1/lib/python3.10/site-packages/unit1-0.0.0-py3.10.egg-info' (and everything under it)
[2.020s] Copying ../../build/unit1/unit1.egg-info to /mnt/c/Users/Wes/OneDrive - University of Leeds/OCOM5205M Robotics/ros2_ws/install/unit1/lib/python3.10/site-packages/unit1-0.0.0-py3.10.egg-info
[2.128s] running install_scripts
[2.175s] Installing forward script to /mnt/c/Users/Wes/OneDrive - University of Leeds/OCOM5205M Robotics/ros2_ws/install/unit1/lib/unit1
[2.180s] Installing listener script to /mnt/c/Users/Wes/OneDrive - University of Leeds/OCOM5205M Robotics/ros2_ws/install/unit1/lib/unit1
[2.185s] Installing talker script to /mnt/c/Users/Wes/OneDrive - University of Leeds/OCOM5205M Robotics/ros2_ws/install/unit1/lib/unit1
[2.191s] writing list of installed files to '/mnt/c/Users/Wes/OneDrive - University of Leeds/OCOM5205M Robotics/ros2_ws/build/unit1/install.log'
[2.209s] Invoked command in '/mnt/c/Users/Wes/OneDrive - University of Leeds/OCOM5205M Robotics/ros2_ws/src/unit1' returned '0': PYTHONPATH=/mnt/c/Users/Wes/OneDrive - University of Leeds/OCOM5205M Robotics/ros2_ws/build/unit1/prefix_override:/mnt/c/Users/Wes/OneDrive - University of Leeds/OCOM5205M Robotics/ros2_ws/install/unit1/lib/python3.10/site-packages:${PYTHONPATH} /usr/bin/python3 -W ignore:setup.py install is deprecated setup.py egg_info --egg-base ../../build/unit1 build --build-base /mnt/c/Users/Wes/OneDrive - University of Leeds/OCOM5205M Robotics/ros2_ws/build/unit1/build install --record /mnt/c/Users/Wes/OneDrive - University of Leeds/OCOM5205M Robotics/ros2_ws/build/unit1/install.log --single-version-externally-managed install_data
